<?xml version="1.0" encoding="UTF-8"?>
<!-- Generated by org.testng.reporters.JUnitReportReporter -->
<testsuite hostname="DESKTOP-UDCS59T" failures="0" tests="2" name="com.qa.testcases.SignInPageTest" time="12.928" errors="0" timestamp="06 Sep 2021 18:55:52 GMT" skipped="0">
  <testcase classname="com.qa.testcases.SignInPageTest" name="validateSignInPageTitleTest" time="6.758"/>
  <testcase classname="com.qa.testcases.SignInPageTest" name="loginTest" time="6.170"/>
</testsuite> <!-- com.qa.testcases.SignInPageTest -->
